#
# There is insufficient memory for the Java Runtime Environment to continue.
# Native memory allocation (mmap) failed to map 327680000 bytes for committing reserved memory.
# Possible reasons:
#   The system is out of physical RAM or swap space
#   In 32 bit mode, the process size limit was hit
# Possible solutions:
#   Reduce memory load on the system
#   Increase physical memory or swap space
#   Check if swap backing store is full
#   Use 64 bit Java on a 64 bit OS
#   Decrease Java heap size (-Xmx/-Xms)
#   Decrease number of Java threads
#   Decrease Java thread stack sizes (-Xss)
#   Set larger code cache with -XX:ReservedCodeCacheSize=
# This output file may be truncated or incomplete.
#
#  Out of Memory Error (os_linux.cpp:2627), pid=5565, tid=0x00007f6fc4b62700
#
# JRE version: Java(TM) SE Runtime Environment (8.0_121-b13) (build 1.8.0_121-b13)
# Java VM: Java HotSpot(TM) 64-Bit Server VM (25.121-b13 mixed mode linux-amd64 compressed oops)
# Failed to write core dump. Core dumps have been disabled. To enable core dumping, try "ulimit -c unlimited" before starting Java again
#

---------------  T H R E A D  ---------------

Current thread (0x00007f6fd8077800):  VMThread [stack: 0x00007f6fc4a62000,0x00007f6fc4b63000] [id=5571]

Stack: [0x00007f6fc4a62000,0x00007f6fc4b63000],  sp=0x00007f6fc4b61320,  free space=1020k
Native frames: (J=compiled Java code, j=interpreted, Vv=VM code, C=native code)
V  [libjvm.so+0xac703a]  VMError::report_and_die()+0x2ba
V  [libjvm.so+0x4fc7eb]  report_vm_out_of_memory(char const*, int, unsigned long, VMErrorType, char const*)+0x8b
V  [libjvm.so+0x923c43]  os::Linux::commit_memory_impl(char*, unsigned long, bool)+0x103
V  [libjvm.so+0x924199]  os::pd_commit_memory(char*, unsigned long, unsigned long, bool)+0x29
V  [libjvm.so+0x91e4aa]  os::commit_memory(char*, unsigned long, unsigned long, bool)+0x2a
V  [libjvm.so+0x992f03]  PSVirtualSpace::expand_by(unsigned long)+0x53
V  [libjvm.so+0x9837c0]  PSOldGen::expand(unsigned long)+0x170
V  [libjvm.so+0x9839cb]  PSOldGen::resize(unsigned long)+0x1cb
V  [libjvm.so+0x98b6d1]  PSParallelCompact::invoke_no_policy(bool)+0x991
V  [libjvm.so+0x99102d]  PSScavenge::invoke()+0x1ad
V  [libjvm.so+0x947c10]  ParallelScavengeHeap::failed_mem_allocate(unsigned long)+0x70
V  [libjvm.so+0xac8a57]  VM_ParallelGCFailedAllocation::doit()+0x97
V  [libjvm.so+0xad0535]  VM_Operation::evaluate()+0x55
V  [libjvm.so+0xace90a]  VMThread::evaluate_operation(VM_Operation*)+0xba
V  [libjvm.so+0xacec8e]  VMThread::loop()+0x1ce
V  [libjvm.so+0xacf100]  VMThread::run()+0x70
V  [libjvm.so+0x926268]  java_start(Thread*)+0x108

VM_Operation (0x00007f6fe0f74200): ParallelGCFailedAllocation, mode: safepoint, requested by thread 0x00007f6fd800a000


---------------  P R O C E S S  ---------------

Java Threads: ( => current thread )
  0x00007f6fd80c0800 JavaThread "Service Thread" daemon [_thread_blocked, id=5578, stack(0x00007f6fc4083000,0x00007f6fc4184000)]
  0x00007f6fd80bd800 JavaThread "C1 CompilerThread2" daemon [_thread_blocked, id=5577, stack(0x00007f6fc4184000,0x00007f6fc4285000)]
  0x00007f6fd80bb800 JavaThread "C2 CompilerThread1" daemon [_thread_blocked, id=5576, stack(0x00007f6fc4285000,0x00007f6fc4386000)]
  0x00007f6fd80b9000 JavaThread "C2 CompilerThread0" daemon [_thread_blocked, id=5575, stack(0x00007f6fc4386000,0x00007f6fc4487000)]
  0x00007f6fd80b7800 JavaThread "Signal Dispatcher" daemon [_thread_blocked, id=5574, stack(0x00007f6fc4487000,0x00007f6fc4588000)]
  0x00007f6fd8084000 JavaThread "Finalizer" daemon [_thread_blocked, id=5573, stack(0x00007f6fc4860000,0x00007f6fc4961000)]
  0x00007f6fd807f800 JavaThread "Reference Handler" daemon [_thread_blocked, id=5572, stack(0x00007f6fc4961000,0x00007f6fc4a62000)]
  0x00007f6fd800a000 JavaThread "main" [_thread_blocked, id=5566, stack(0x00007f6fe0e75000,0x00007f6fe0f76000)]

Other Threads:
=>0x00007f6fd8077800 VMThread [stack: 0x00007f6fc4a62000,0x00007f6fc4b63000] [id=5571]
  0x00007f6fd80c3800 WatcherThread [stack: 0x00007f6fbd7ef000,0x00007f6fbd8f0000] [id=5579]

VM state:at safepoint (normal execution)

VM Mutex/Monitor currently owned by a thread:  ([mutex/lock_event])
[0x00007f6fd8005a60] ExpandHeap_lock - owner thread: 0x00007f6fd8077800
[0x00007f6fd80060e0] Threads_lock - owner thread: 0x00007f6fd8077800
[0x00007f6fd80065e0] Heap_lock - owner thread: 0x00007f6fd800a000

Heap:
 PSYoungGen      total 363008K, used 0K [0x000000061f580000, 0x0000000645080000, 0x00000007c0000000)
  eden space 115712K, 0% used [0x000000061f580000,0x000000061f580000,0x0000000626680000)
  from space 247296K, 0% used [0x0000000626680000,0x0000000626680000,0x0000000635800000)
  to   space 236544K, 0% used [0x0000000636980000,0x0000000636980000,0x0000000645080000)
 ParOldGen       total 1524736K, used 1514269K [0x00000002de000000, 0x000000033b100000, 0x000000061f580000)
  object space 1524736K, 99% used [0x00000002de000000,0x000000033a6c7490,0x000000033b100000)
 Metaspace       used 7430K, capacity 7726K, committed 7936K, reserved 1056768K
  class space    used 819K, capacity 921K, committed 1024K, reserved 1048576K

Card table byte_map: [0x00007f6fc68ef000,0x00007f6fc9000000] byte_map_base: 0x00007f6fc51ff000

Marking Bits: (ParMarkBitMap*) 0x00007f6fe0342c80
 Begin Bits: [0x00007f6f88f00000, 0x00007f6f9c780000)
 End Bits:   [0x00007f6f9c780000, 0x00007f6fb0000000)

Polling page: 0x00007f6fe0f92000

CodeCache: size=245760Kb used=3348Kb max_used=3348Kb free=242411Kb
 bounds [0x00007f6fc9000000, 0x00007f6fc9350000, 0x00007f6fd8000000]
 total_blobs=1170 nmethods=877 adapters=207
 compilation: enabled

Compilation events (10 events):
Event: 1.587 Thread 0x00007f6fd80bd800  879   !   3       java.lang.ref.Finalizer::remove (94 bytes)
Event: 1.588 Thread 0x00007f6fd80bd800 nmethod 879 0x00007f6fc9345610 code [0x00007f6fc93457a0, 0x00007f6fc9345cb0]
Event: 1.588 Thread 0x00007f6fd80bd800  872       3       java.lang.ref.ReferenceQueue::reallyPoll (66 bytes)
Event: 1.588 Thread 0x00007f6fd80bd800 nmethod 872 0x00007f6fc9345e10 code [0x00007f6fc9345fa0, 0x00007f6fc9346430]
Event: 1.588 Thread 0x00007f6fd80bd800  873       3       java.lang.ref.Finalizer::access$000 (4 bytes)
Event: 1.588 Thread 0x00007f6fd80bd800 nmethod 873 0x00007f6fc9346510 code [0x00007f6fc9346660, 0x00007f6fc93467b0]
Event: 1.588 Thread 0x00007f6fd80bd800  874       3       java.lang.ref.ReferenceQueue::remove (6 bytes)
Event: 1.588 Thread 0x00007f6fd80bd800 nmethod 874 0x00007f6fc9346810 code [0x00007f6fc9346980, 0x00007f6fc9346b88]
Event: 1.588 Thread 0x00007f6fd80bd800  875   !   3       java.lang.ref.ReferenceQueue::remove (125 bytes)
Event: 1.589 Thread 0x00007f6fd80bd800 nmethod 875 0x00007f6fc9346c10 code [0x00007f6fc9346e00, 0x00007f6fc93476b8]

GC Heap History (10 events):
Event: 3.762 GC heap after
Heap after GC invocations=28 (full 8):
 PSYoungGen      total 355328K, used 75567K [0x000000061f580000, 0x0000000646780000, 0x00000007c0000000)
  eden space 94208K, 0% used [0x000000061f580000,0x000000061f580000,0x0000000625180000)
  from space 261120K, 28% used [0x0000000636880000,0x000000063b24be50,0x0000000646780000)
  to   space 273408K, 0% used [0x0000000625180000,0x0000000625180000,0x0000000635c80000)
 ParOldGen       total 1227264K, used 1135875K [0x00000002de000000, 0x0000000328e80000, 0x000000061f580000)
  object space 1227264K, 92% used [0x00000002de000000,0x0000000323540cf0,0x0000000328e80000)
 Metaspace       used 7430K, capacity 7726K, committed 7936K, reserved 1056768K
  class space    used 819K, capacity 921K, committed 1024K, reserved 1048576K
}
Event: 3.762 GC heap before
{Heap before GC invocations=29 (full 9):
 PSYoungGen      total 355328K, used 75567K [0x000000061f580000, 0x0000000646780000, 0x00000007c0000000)
  eden space 94208K, 0% used [0x000000061f580000,0x000000061f580000,0x0000000625180000)
  from space 261120K, 28% used [0x0000000636880000,0x000000063b24be50,0x0000000646780000)
  to   space 273408K, 0% used [0x0000000625180000,0x0000000625180000,0x0000000635c80000)
 ParOldGen       total 1227264K, used 1135875K [0x00000002de000000, 0x0000000328e80000, 0x000000061f580000)
  object space 1227264K, 92% used [0x00000002de000000,0x0000000323540cf0,0x0000000328e80000)
 Metaspace       used 7430K, capacity 7726K, committed 7936K, reserved 1056768K
  class space    used 819K, capacity 921K, committed 1024K, reserved 1048576K
Event: 3.929 GC heap after
Heap after GC invocations=29 (full 9):
 PSYoungGen      total 355328K, used 0K [0x000000061f580000, 0x0000000646780000, 0x00000007c0000000)
  eden space 94208K, 0% used [0x000000061f580000,0x000000061f580000,0x0000000625180000)
  from space 261120K, 0% used [0x0000000636880000,0x0000000636880000,0x0000000646780000)
  to   space 273408K, 0% used [0x0000000625180000,0x0000000625180000,0x0000000635c80000)
 ParOldGen       total 1524736K, used 1211442K [0x00000002de000000, 0x000000033b100000, 0x000000061f580000)
  object space 1524736K, 79% used [0x00000002de000000,0x0000000327f0cb40,0x000000033b100000)
 Metaspace       used 7430K, capacity 7726K, committed 7936K, reserved 1056768K
  class space    used 819K, capacity 921K, committed 1024K, reserved 1048576K
}
Event: 3.949 GC heap before
{Heap before GC invocations=30 (full 9):
 PSYoungGen      total 355328K, used 94200K [0x000000061f580000, 0x0000000646780000, 0x00000007c0000000)
  eden space 94208K, 99% used [0x000000061f580000,0x000000062517e120,0x0000000625180000)
  from space 261120K, 0% used [0x0000000636880000,0x0000000636880000,0x0000000646780000)
  to   space 273408K, 0% used [0x0000000625180000,0x0000000625180000,0x0000000635c80000)
 ParOldGen       total 1524736K, used 1211442K [0x00000002de000000, 0x000000033b100000, 0x000000061f580000)
  object space 1524736K, 79% used [0x00000002de000000,0x0000000327f0cb40,0x000000033b100000)
 Metaspace       used 7430K, capacity 7726K, committed 7936K, reserved 1056768K
  class space    used 819K, capacity 921K, committed 1024K, reserved 1048576K
Event: 3.980 GC heap after
Heap after GC invocations=30 (full 9):
 PSYoungGen      total 367616K, used 93916K [0x000000061f580000, 0x0000000646080000, 0x00000007c0000000)
  eden space 94208K, 0% used [0x000000061f580000,0x000000061f580000,0x0000000625180000)
  from space 273408K, 34% used [0x0000000625180000,0x000000062ad37060,0x0000000635c80000)
  to   space 260096K, 0% used [0x0000000636280000,0x0000000636280000,0x0000000646080000)
 ParOldGen       total 1524736K, used 1211442K [0x00000002de000000, 0x000000033b100000, 0x000000061f580000)
  object space 1524736K, 79% used [0x00000002de000000,0x0000000327f0cb40,0x000000033b100000)
 Metaspace       used 7430K, capacity 7726K, committed 7936K, reserved 1056768K
  class space    used 819K, capacity 921K, committed 1024K, reserved 1048576K
}
Event: 4.000 GC heap before
{Heap before GC invocations=31 (full 9):
 PSYoungGen      total 367616K, used 188120K [0x000000061f580000, 0x0000000646080000, 0x00000007c0000000)
  eden space 94208K, 99% used [0x000000061f580000,0x000000062517f1a0,0x0000000625180000)
  from space 273408K, 34% used [0x0000000625180000,0x000000062ad37060,0x0000000635c80000)
  to   space 260096K, 0% used [0x0000000636280000,0x0000000636280000,0x0000000646080000)
 ParOldGen       total 1524736K, used 1211442K [0x00000002de000000, 0x000000033b100000, 0x000000061f580000)
  object space 1524736K, 79% used [0x00000002de000000,0x0000000327f0cb40,0x000000033b100000)
 Metaspace       used 7430K, capacity 7726K, committed 7936K, reserved 1056768K
  class space    used 819K, capacity 921K, committed 1024K, reserved 1048576K
Event: 4.092 GC heap after
Heap after GC invocations=31 (full 9):
 PSYoungGen      total 352256K, used 93562K [0x000000061f580000, 0x0000000644980000, 0x00000007c0000000)
  eden space 115712K, 0% used [0x000000061f580000,0x000000061f580000,0x0000000626680000)
  from space 236544K, 39% used [0x0000000636280000,0x000000063bdde910,0x0000000644980000)
  to   space 247296K, 0% used [0x0000000626680000,0x0000000626680000,0x0000000635800000)
 ParOldGen       total 1524736K, used 1305358K [0x00000002de000000, 0x000000033b100000, 0x000000061f580000)
  object space 1524736K, 85% used [0x00000002de000000,0x000000032dac3ba0,0x000000033b100000)
 Metaspace       used 7430K, capacity 7726K, committed 7936K, reserved 1056768K
  class space    used 819K, capacity 921K, committed 1024K, reserved 1048576K
}
Event: 4.119 GC heap before
{Heap before GC invocations=32 (full 9):
 PSYoungGen      total 352256K, used 209274K [0x000000061f580000, 0x0000000644980000, 0x00000007c0000000)
  eden space 115712K, 100% used [0x000000061f580000,0x0000000626680000,0x0000000626680000)
  from space 236544K, 39% used [0x0000000636280000,0x000000063bdde910,0x0000000644980000)
  to   space 247296K, 0% used [0x0000000626680000,0x0000000626680000,0x0000000635800000)
 ParOldGen       total 1524736K, used 1305358K [0x00000002de000000, 0x000000033b100000, 0x000000061f580000)
  object space 1524736K, 85% used [0x00000002de000000,0x000000032dac3ba0,0x000000033b100000)
 Metaspace       used 7430K, capacity 7726K, committed 7936K, reserved 1056768K
  class space    used 819K, capacity 921K, committed 1024K, reserved 1048576K
Event: 4.208 GC heap after
Heap after GC invocations=32 (full 9):
 PSYoungGen      total 363008K, used 115347K [0x000000061f580000, 0x0000000645080000, 0x00000007c0000000)
  eden space 115712K, 0% used [0x000000061f580000,0x000000061f580000,0x0000000626680000)
  from space 247296K, 46% used [0x0000000626680000,0x000000062d724fe0,0x0000000635800000)
  to   space 236544K, 0% used [0x0000000636980000,0x0000000636980000,0x0000000645080000)
 ParOldGen       total 1524736K, used 1398921K [0x00000002de000000, 0x000000033b100000, 0x000000061f580000)
  object space 1524736K, 91% used [0x00000002de000000,0x00000003336224b0,0x000000033b100000)
 Metaspace       used 7430K, capacity 7726K, committed 7936K, reserved 1056768K
  class space    used 819K, capacity 921K, committed 1024K, reserved 1048576K
}
Event: 4.208 GC heap before
{Heap before GC invocations=33 (full 10):
 PSYoungGen      total 363008K, used 115347K [0x000000061f580000, 0x0000000645080000, 0x00000007c0000000)
  eden space 115712K, 0% used [0x000000061f580000,0x000000061f580000,0x0000000626680000)
  from space 247296K, 46% used [0x0000000626680000,0x000000062d724fe0,0x0000000635800000)
  to   space 236544K, 0% used [0x0000000636980000,0x0000000636980000,0x0000000645080000)
 ParOldGen       total 1524736K, used 1398921K [0x00000002de000000, 0x000000033b100000, 0x000000061f580000)
  object space 1524736K, 91% used [0x00000002de000000,0x00000003336224b0,0x000000033b100000)
 Metaspace       used 7430K, capacity 7726K, committed 7936K, reserved 1056768K
  class space    used 819K, capacity 921K, committed 1024K, reserved 1048576K

Deoptimization events (10 events):
Event: 1.164 Thread 0x00007f6fd800a000 Uncommon trap: reason=class_check action=maybe_recompile pc=0x00007f6fc923217c method=sun.reflect.DelegatingConstructorAccessorImpl.newInstance([Ljava/lang/Object;)Ljava/lang/Object; @ 5
Event: 1.165 Thread 0x00007f6fd800a000 Uncommon trap: reason=class_check action=maybe_recompile pc=0x00007f6fc923217c method=sun.reflect.DelegatingConstructorAccessorImpl.newInstance([Ljava/lang/Object;)Ljava/lang/Object; @ 5
Event: 1.165 Thread 0x00007f6fd800a000 Uncommon trap: reason=class_check action=maybe_recompile pc=0x00007f6fc923217c method=sun.reflect.DelegatingConstructorAccessorImpl.newInstance([Ljava/lang/Object;)Ljava/lang/Object; @ 5
Event: 1.188 Thread 0x00007f6fd800a000 Uncommon trap: reason=unstable_if action=reinterpret pc=0x00007f6fc92ec394 method=java.util.HashMap$TreeNode.find(ILjava/lang/Object;Ljava/lang/Class;)Ljava/util/HashMap$TreeNode; @ 26
Event: 1.188 Thread 0x00007f6fd800a000 Uncommon trap: reason=unstable_if action=reinterpret pc=0x00007f6fc92ebb10 method=java.util.HashMap$TreeNode.find(ILjava/lang/Object;Ljava/lang/Class;)Ljava/util/HashMap$TreeNode; @ 26
Event: 1.188 Thread 0x00007f6fd800a000 Uncommon trap: reason=unstable_if action=reinterpret pc=0x00007f6fc92e2bc0 method=java.util.HashMap$TreeNode.find(ILjava/lang/Object;Ljava/lang/Class;)Ljava/util/HashMap$TreeNode; @ 26
Event: 1.217 Thread 0x00007f6fd800a000 Uncommon trap: reason=unstable_if action=reinterpret pc=0x00007f6fc92c718c method=java.io.ObjectInputStream.readSerialData(Ljava/lang/Object;Ljava/io/ObjectStreamClass;)V @ 131
Event: 1.217 Thread 0x00007f6fd800a000 Uncommon trap: reason=unstable_if action=reinterpret pc=0x00007f6fc92afaac method=java.io.ObjectInputStream$HandleTable.markDependency(II)V @ 2
Event: 1.386 Thread 0x00007f6fd800a000 Uncommon trap: reason=unstable_if action=reinterpret pc=0x00007f6fc91e47f8 method=java.io.BufferedInputStream.read1([BII)I @ 22
Event: 1.390 Thread 0x00007f6fd800a000 Uncommon trap: reason=unstable_if action=reinterpret pc=0x00007f6fc91d83f4 method=java.io.BufferedInputStream.read1([BII)I @ 22

Internal exceptions (10 events):
Event: 0.137 Thread 0x00007f6fd800a000 Exception <a 'java/lang/NoSuchFieldError': method resolution failed> (0x000000061f89d788) thrown at [/HUDSON3/workspace/8-2-build-linux-amd64/jdk8u121/8372/hotspot/src/share/vm/prims/methodHandles.cpp, line 1146]
Event: 0.200 Thread 0x00007f6fd800a000 Exception <a 'java/security/PrivilegedActionException'> (0x000000061faf7300) thrown at [/HUDSON3/workspace/8-2-build-linux-amd64/jdk8u121/8372/hotspot/src/share/vm/prims/jvm.cpp, line 1390]
Event: 0.200 Thread 0x00007f6fd800a000 Exception <a 'java/security/PrivilegedActionException'> (0x000000061faf76f8) thrown at [/HUDSON3/workspace/8-2-build-linux-amd64/jdk8u121/8372/hotspot/src/share/vm/prims/jvm.cpp, line 1390]
Event: 0.200 Thread 0x00007f6fd800a000 Exception <a 'java/security/PrivilegedActionException'> (0x000000061faf9d48) thrown at [/HUDSON3/workspace/8-2-build-linux-amd64/jdk8u121/8372/hotspot/src/share/vm/prims/jvm.cpp, line 1390]
Event: 0.200 Thread 0x00007f6fd800a000 Exception <a 'java/security/PrivilegedActionException'> (0x000000061fafa140) thrown at [/HUDSON3/workspace/8-2-build-linux-amd64/jdk8u121/8372/hotspot/src/share/vm/prims/jvm.cpp, line 1390]
Event: 0.315 Thread 0x00007f6fd800a000 Implicit null exception at 0x00007f6fc91ee824 to 0x00007f6fc91eed81
Event: 0.319 Thread 0x00007f6fd800a000 Implicit null exception at 0x00007f6fc91e1447 to 0x00007f6fc91e1551
Event: 0.478 Thread 0x00007f6fd800a000 Exception <a 'java/lang/ArrayIndexOutOfBoundsException': 18> (0x000000061fc8c6f0) thrown at [/HUDSON3/workspace/8-2-build-linux-amd64/jdk8u121/8372/hotspot/src/share/vm/interpreter/interpreterRuntime.cpp, line 366]
Event: 0.478 Thread 0x00007f6fd800a000 Exception <a 'java/lang/ArrayIndexOutOfBoundsException': 150> (0x000000061fc8e208) thrown at [/HUDSON3/workspace/8-2-build-linux-amd64/jdk8u121/8372/hotspot/src/share/vm/interpreter/interpreterRuntime.cpp, line 366]
Event: 0.479 Thread 0x00007f6fd800a000 Exception <a 'java/lang/ArrayIndexOutOfBoundsException'> (0x000000061fc8f408) thrown at [/HUDSON3/workspace/8-2-build-linux-amd64/jdk8u121/8372/hotspot/src/share/vm/runtime/sharedRuntime.cpp, line 605]

Events (10 events):
Event: 3.371 Executing VM operation: ParallelGCFailedAllocation done
Event: 3.390 Executing VM operation: ParallelGCFailedAllocation
Event: 3.665 Executing VM operation: ParallelGCFailedAllocation done
Event: 3.681 Executing VM operation: ParallelGCFailedAllocation
Event: 3.929 Executing VM operation: ParallelGCFailedAllocation done
Event: 3.949 Executing VM operation: ParallelGCFailedAllocation
Event: 3.980 Executing VM operation: ParallelGCFailedAllocation done
Event: 4.000 Executing VM operation: ParallelGCFailedAllocation
Event: 4.093 Executing VM operation: ParallelGCFailedAllocation done
Event: 4.119 Executing VM operation: ParallelGCFailedAllocation


Dynamic libraries:
00400000-00401000 r-xp 00000000 08:0b 2765310                            /usr/lib/jvm/java-8-oracle/bin/java
00600000-00601000 rw-p 00000000 08:0b 2765310                            /usr/lib/jvm/java-8-oracle/bin/java
01a9b000-01abc000 rw-p 00000000 00:00 0                                  [heap]
2de000000-33b100000 rw-p 00000000 00:00 0 
34e980000-61f580000 ---p 00000000 00:00 0 
61f580000-645080000 rw-p 00000000 00:00 0 
645080000-7c0000000 ---p 00000000 00:00 0 
7c0000000-7c0100000 rw-p 00000000 00:00 0 
7c0100000-800000000 ---p 00000000 00:00 0 
7f6f64000000-7f6f64021000 rw-p 00000000 00:00 0 
7f6f64021000-7f6f68000000 ---p 00000000 00:00 0 
7f6f68000000-7f6f68021000 rw-p 00000000 00:00 0 
7f6f68021000-7f6f6c000000 ---p 00000000 00:00 0 
7f6f6c000000-7f6f6c37e000 rw-p 00000000 00:00 0 
7f6f6c37e000-7f6f70000000 ---p 00000000 00:00 0 
7f6f70000000-7f6f702c7000 rw-p 00000000 00:00 0 
7f6f702c7000-7f6f74000000 ---p 00000000 00:00 0 
7f6f74000000-7f6f74021000 rw-p 00000000 00:00 0 
7f6f74021000-7f6f78000000 ---p 00000000 00:00 0 
7f6f78000000-7f6f783f1000 rw-p 00000000 00:00 0 
7f6f783f1000-7f6f7c000000 ---p 00000000 00:00 0 
7f6f7c000000-7f6f7c021000 rw-p 00000000 00:00 0 
7f6f7c021000-7f6f80000000 ---p 00000000 00:00 0 
7f6f80000000-7f6f80021000 rw-p 00000000 00:00 0 
7f6f80021000-7f6f84000000 ---p 00000000 00:00 0 
7f6f84000000-7f6f8428f000 rw-p 00000000 00:00 0 
7f6f8428f000-7f6f88000000 ---p 00000000 00:00 0 
7f6f88f00000-7f6fb0000000 rw-p 00000000 00:00 0 
7f6fb0000000-7f6fb0021000 rw-p 00000000 00:00 0 
7f6fb0021000-7f6fb4000000 ---p 00000000 00:00 0 
7f6fb4000000-7f6fb4021000 rw-p 00000000 00:00 0 
7f6fb4021000-7f6fb8000000 ---p 00000000 00:00 0 
7f6fb8000000-7f6fb8021000 rw-p 00000000 00:00 0 
7f6fb8021000-7f6fbc000000 ---p 00000000 00:00 0 
7f6fbd7ef000-7f6fbd7f0000 ---p 00000000 00:00 0 
7f6fbd7f0000-7f6fc0000000 rw-p 00000000 00:00 0 
7f6fc0000000-7f6fc0021000 rw-p 00000000 00:00 0 
7f6fc0021000-7f6fc4000000 ---p 00000000 00:00 0 
7f6fc4017000-7f6fc402c000 r--s 0034e000 08:0b 2490914                    /home/nipun/nltk_data/stanford-parser-3.7.0-sources.jar
7f6fc402c000-7f6fc4051000 r--s 004d6000 08:0b 2490911                    /home/nipun/nltk_data/stanford-parser-3.7.0-javadoc.jar
7f6fc4051000-7f6fc4083000 r--s 00401000 08:0b 2490910                    /home/nipun/nltk_data/stanford-parser.jar
7f6fc4083000-7f6fc4086000 ---p 00000000 00:00 0 
7f6fc4086000-7f6fc4184000 rw-p 00000000 00:00 0 
7f6fc4184000-7f6fc4187000 ---p 00000000 00:00 0 
7f6fc4187000-7f6fc4285000 rw-p 00000000 00:00 0 
7f6fc4285000-7f6fc4288000 ---p 00000000 00:00 0 
7f6fc4288000-7f6fc4386000 rw-p 00000000 00:00 0 
7f6fc4386000-7f6fc4389000 ---p 00000000 00:00 0 
7f6fc4389000-7f6fc4487000 rw-p 00000000 00:00 0 
7f6fc4487000-7f6fc448a000 ---p 00000000 00:00 0 
7f6fc448a000-7f6fc4588000 rw-p 00000000 00:00 0 
7f6fc4588000-7f6fc4860000 r--p 00000000 08:0b 2761691                    /usr/lib/locale/locale-archive
7f6fc4860000-7f6fc4863000 ---p 00000000 00:00 0 
7f6fc4863000-7f6fc4961000 rw-p 00000000 00:00 0 
7f6fc4961000-7f6fc4964000 ---p 00000000 00:00 0 
7f6fc4964000-7f6fc4a62000 rw-p 00000000 00:00 0 
7f6fc4a62000-7f6fc4a63000 ---p 00000000 00:00 0 
7f6fc4a63000-7f6fc5b17000 rw-p 00000000 00:00 0 
7f6fc5b17000-7f6fc5cf0000 r--s 03d3e000 08:0b 2765386                    /usr/lib/jvm/java-8-oracle/jre/lib/rt.jar
7f6fc5cf0000-7f6fc6426000 rw-p 00000000 00:00 0 
7f6fc6426000-7f6fc6566000 ---p 00000000 00:00 0 
7f6fc6566000-7f6fc66ed000 rw-p 00000000 00:00 0 
7f6fc66ed000-7f6fc66ee000 ---p 00000000 00:00 0 
7f6fc66ee000-7f6fc67ee000 rw-p 00000000 00:00 0 
7f6fc67ee000-7f6fc67ef000 ---p 00000000 00:00 0 
7f6fc67ef000-7f6fc6bd8000 rw-p 00000000 00:00 0 
7f6fc6bd8000-7f6fc82f9000 ---p 00000000 00:00 0 
7f6fc82f9000-7f6fc8428000 rw-p 00000000 00:00 0 
7f6fc8428000-7f6fc8fff000 ---p 00000000 00:00 0 
7f6fc8fff000-7f6fc9000000 rw-p 00000000 00:00 0 
7f6fc9000000-7f6fc9350000 rwxp 00000000 00:00 0 
7f6fc9350000-7f6fd8000000 ---p 00000000 00:00 0 
7f6fd8000000-7f6fd853b000 rw-p 00000000 00:00 0 
7f6fd853b000-7f6fdc000000 ---p 00000000 00:00 0 
7f6fdc00b000-7f6fdc00c000 ---p 00000000 00:00 0 
7f6fdc00c000-7f6fdc10c000 rw-p 00000000 00:00 0 
7f6fdc10c000-7f6fdc10d000 ---p 00000000 00:00 0 
7f6fdc10d000-7f6fdc4f6000 rw-p 00000000 00:00 0 
7f6fdc4f6000-7f6fddc18000 ---p 00000000 00:00 0 
7f6fddc18000-7f6fddc26000 rw-p 00000000 00:00 0 
7f6fddc26000-7f6fddfd8000 ---p 00000000 00:00 0 
7f6fddfd8000-7f6fddff2000 r-xp 00000000 08:0b 139179                     /usr/lib/jvm/java-8-oracle/jre/lib/amd64/libzip.so
7f6fddff2000-7f6fde1f2000 ---p 0001a000 08:0b 139179                     /usr/lib/jvm/java-8-oracle/jre/lib/amd64/libzip.so
7f6fde1f2000-7f6fde1f3000 rw-p 0001a000 08:0b 139179                     /usr/lib/jvm/java-8-oracle/jre/lib/amd64/libzip.so
7f6fde1f3000-7f6fde1fe000 r-xp 00000000 08:0b 802001                     /lib/x86_64-linux-gnu/libnss_files-2.23.so
7f6fde1fe000-7f6fde3fd000 ---p 0000b000 08:0b 802001                     /lib/x86_64-linux-gnu/libnss_files-2.23.so
7f6fde3fd000-7f6fde3fe000 r--p 0000a000 08:0b 802001                     /lib/x86_64-linux-gnu/libnss_files-2.23.so
7f6fde3fe000-7f6fde3ff000 rw-p 0000b000 08:0b 802001                     /lib/x86_64-linux-gnu/libnss_files-2.23.so
7f6fde3ff000-7f6fde405000 rw-p 00000000 00:00 0 
7f6fde405000-7f6fde410000 r-xp 00000000 08:0b 801994                     /lib/x86_64-linux-gnu/libnss_nis-2.23.so
7f6fde410000-7f6fde60f000 ---p 0000b000 08:0b 801994                     /lib/x86_64-linux-gnu/libnss_nis-2.23.so
7f6fde60f000-7f6fde610000 r--p 0000a000 08:0b 801994                     /lib/x86_64-linux-gnu/libnss_nis-2.23.so
7f6fde610000-7f6fde611000 rw-p 0000b000 08:0b 801994                     /lib/x86_64-linux-gnu/libnss_nis-2.23.so
7f6fde611000-7f6fde627000 r-xp 00000000 08:0b 801996                     /lib/x86_64-linux-gnu/libnsl-2.23.so
7f6fde627000-7f6fde826000 ---p 00016000 08:0b 801996                     /lib/x86_64-linux-gnu/libnsl-2.23.so
7f6fde826000-7f6fde827000 r--p 00015000 08:0b 801996                     /lib/x86_64-linux-gnu/libnsl-2.23.so
7f6fde827000-7f6fde828000 rw-p 00016000 08:0b 801996                     /lib/x86_64-linux-gnu/libnsl-2.23.so
7f6fde828000-7f6fde82a000 rw-p 00000000 00:00 0 
7f6fde82a000-7f6fde832000 r-xp 00000000 08:0b 802003                     /lib/x86_64-linux-gnu/libnss_compat-2.23.so
7f6fde832000-7f6fdea31000 ---p 00008000 08:0b 802003                     /lib/x86_64-linux-gnu/libnss_compat-2.23.so
7f6fdea31000-7f6fdea32000 r--p 00007000 08:0b 802003                     /lib/x86_64-linux-gnu/libnss_compat-2.23.so
7f6fdea32000-7f6fdea33000 rw-p 00008000 08:0b 802003                     /lib/x86_64-linux-gnu/libnss_compat-2.23.so
7f6fdea33000-7f6fdea5e000 r-xp 00000000 08:0b 139206                     /usr/lib/jvm/java-8-oracle/jre/lib/amd64/libjava.so
7f6fdea5e000-7f6fdec5d000 ---p 0002b000 08:0b 139206                     /usr/lib/jvm/java-8-oracle/jre/lib/amd64/libjava.so
7f6fdec5d000-7f6fdec5f000 rw-p 0002a000 08:0b 139206                     /usr/lib/jvm/java-8-oracle/jre/lib/amd64/libjava.so
7f6fdec5f000-7f6fdec6c000 r-xp 00000000 08:0b 133132                     /usr/lib/jvm/java-8-oracle/jre/lib/amd64/libverify.so
7f6fdec6c000-7f6fdee6b000 ---p 0000d000 08:0b 133132                     /usr/lib/jvm/java-8-oracle/jre/lib/amd64/libverify.so
7f6fdee6b000-7f6fdee6d000 rw-p 0000c000 08:0b 133132                     /usr/lib/jvm/java-8-oracle/jre/lib/amd64/libverify.so
7f6fdee6d000-7f6fdee74000 r-xp 00000000 08:0b 802004                     /lib/x86_64-linux-gnu/librt-2.23.so
7f6fdee74000-7f6fdf073000 ---p 00007000 08:0b 802004                     /lib/x86_64-linux-gnu/librt-2.23.so
7f6fdf073000-7f6fdf074000 r--p 00006000 08:0b 802004                     /lib/x86_64-linux-gnu/librt-2.23.so
7f6fdf074000-7f6fdf075000 rw-p 00007000 08:0b 802004                     /lib/x86_64-linux-gnu/librt-2.23.so
7f6fdf075000-7f6fdf17d000 r-xp 00000000 08:0b 801995                     /lib/x86_64-linux-gnu/libm-2.23.so
7f6fdf17d000-7f6fdf37c000 ---p 00108000 08:0b 801995                     /lib/x86_64-linux-gnu/libm-2.23.so
7f6fdf37c000-7f6fdf37d000 r--p 00107000 08:0b 801995                     /lib/x86_64-linux-gnu/libm-2.23.so
7f6fdf37d000-7f6fdf37e000 rw-p 00108000 08:0b 801995                     /lib/x86_64-linux-gnu/libm-2.23.so
7f6fdf37e000-7f6fe004c000 r-xp 00000000 08:0b 139215                     /usr/lib/jvm/java-8-oracle/jre/lib/amd64/server/libjvm.so
7f6fe004c000-7f6fe024c000 ---p 00cce000 08:0b 139215                     /usr/lib/jvm/java-8-oracle/jre/lib/amd64/server/libjvm.so
7f6fe024c000-7f6fe0325000 rw-p 00cce000 08:0b 139215                     /usr/lib/jvm/java-8-oracle/jre/lib/amd64/server/libjvm.so
7f6fe0325000-7f6fe0370000 rw-p 00000000 00:00 0 
7f6fe0370000-7f6fe052f000 r-xp 00000000 08:0b 801997                     /lib/x86_64-linux-gnu/libc-2.23.so
7f6fe052f000-7f6fe072f000 ---p 001bf000 08:0b 801997                     /lib/x86_64-linux-gnu/libc-2.23.so
7f6fe072f000-7f6fe0733000 r--p 001bf000 08:0b 801997                     /lib/x86_64-linux-gnu/libc-2.23.so
7f6fe0733000-7f6fe0735000 rw-p 001c3000 08:0b 801997                     /lib/x86_64-linux-gnu/libc-2.23.so
7f6fe0735000-7f6fe0739000 rw-p 00000000 00:00 0 
7f6fe0739000-7f6fe073c000 r-xp 00000000 08:0b 801993                     /lib/x86_64-linux-gnu/libdl-2.23.so
7f6fe073c000-7f6fe093b000 ---p 00003000 08:0b 801993                     /lib/x86_64-linux-gnu/libdl-2.23.so
7f6fe093b000-7f6fe093c000 r--p 00002000 08:0b 801993                     /lib/x86_64-linux-gnu/libdl-2.23.so
7f6fe093c000-7f6fe093d000 rw-p 00003000 08:0b 801993                     /lib/x86_64-linux-gnu/libdl-2.23.so
7f6fe093d000-7f6fe0952000 r-xp 00000000 08:0b 2764529                    /usr/lib/jvm/java-8-oracle/lib/amd64/jli/libjli.so
7f6fe0952000-7f6fe0b52000 ---p 00015000 08:0b 2764529                    /usr/lib/jvm/java-8-oracle/lib/amd64/jli/libjli.so
7f6fe0b52000-7f6fe0b53000 rw-p 00015000 08:0b 2764529                    /usr/lib/jvm/java-8-oracle/lib/amd64/jli/libjli.so
7f6fe0b53000-7f6fe0b6b000 r-xp 00000000 08:0b 802008                     /lib/x86_64-linux-gnu/libpthread-2.23.so
7f6fe0b6b000-7f6fe0d6a000 ---p 00018000 08:0b 802008                     /lib/x86_64-linux-gnu/libpthread-2.23.so
7f6fe0d6a000-7f6fe0d6b000 r--p 00017000 08:0b 802008                     /lib/x86_64-linux-gnu/libpthread-2.23.so
7f6fe0d6b000-7f6fe0d6c000 rw-p 00018000 08:0b 802008                     /lib/x86_64-linux-gnu/libpthread-2.23.so
7f6fe0d6c000-7f6fe0d70000 rw-p 00000000 00:00 0 
7f6fe0d70000-7f6fe0d96000 r-xp 00000000 08:0b 801998                     /lib/x86_64-linux-gnu/ld-2.23.so
7f6fe0da3000-7f6fe0e75000 rw-p 00000000 00:00 0 
7f6fe0e75000-7f6fe0e78000 ---p 00000000 00:00 0 
7f6fe0e78000-7f6fe0f7a000 rw-p 00000000 00:00 0 
7f6fe0f87000-7f6fe0f89000 r--s 163f5000 08:0b 2490912                    /home/nipun/nltk_data/stanford-parser-3.7.0-models.jar
7f6fe0f89000-7f6fe0f91000 rw-s 00000000 08:0b 1321321                    /tmp/hsperfdata_nipun/5565
7f6fe0f91000-7f6fe0f92000 rw-p 00000000 00:00 0 
7f6fe0f92000-7f6fe0f93000 ---p 00000000 00:00 0 
7f6fe0f93000-7f6fe0f95000 rw-p 00000000 00:00 0 
7f6fe0f95000-7f6fe0f96000 r--p 00025000 08:0b 801998                     /lib/x86_64-linux-gnu/ld-2.23.so
7f6fe0f96000-7f6fe0f97000 rw-p 00026000 08:0b 801998                     /lib/x86_64-linux-gnu/ld-2.23.so
7f6fe0f97000-7f6fe0f98000 rw-p 00000000 00:00 0 
7ffd7ea53000-7ffd7ea75000 rw-p 00000000 00:00 0                          [stack]
7ffd7eb6c000-7ffd7eb6e000 r--p 00000000 00:00 0                          [vvar]
7ffd7eb6e000-7ffd7eb70000 r-xp 00000000 00:00 0                          [vdso]
ffffffffff600000-ffffffffff601000 r-xp 00000000 00:00 0                  [vsyscall]

VM Arguments:
jvm_args: -Xmx20000m 
java_command: edu.stanford.nlp.parser.lexparser.LexicalizedParser -model /home/nipun/nltk_data/englishPCFG.ser.gz -sentences newline -outputFormat conll2007 -encoding utf8 /tmp/tmpTG5D5W
java_class_path (initial): /home/nipun/nltk_data/stanford-parser-3.7.0-models.jar:/home/nipun/nltk_data/stanford-parser-3.7.0-models.jar:/home/nipun/nltk_data/stanford-parser.jar:/home/nipun/nltk_data/stanford-parser-3.7.0-javadoc.jar:/home/nipun/nltk_data/stanford-parser-3.7.0-sources.jar
Launcher Type: SUN_STANDARD

Environment Variables:
JAVA_HOME=/usr/lib/jvm/java-8-oracle
PATH=/home/nipun/bin:/home/nipun/.local/bin:/usr/local/sbin:/usr/local/bin:/usr/sbin:/usr/bin:/sbin:/bin:/usr/games:/usr/local/games:/snap/bin:/usr/lib/jvm/java-8-oracle/bin:/usr/lib/jvm/java-8-oracle/db/bin:/usr/lib/jvm/java-8-oracle/jre/bin
SHELL=/bin/bash
DISPLAY=:0

Signal Handlers:
SIGSEGV: [libjvm.so+0xac78c0], sa_mask[0]=11111111011111111101111111111110, sa_flags=SA_RESTART|SA_SIGINFO
SIGBUS: [libjvm.so+0xac78c0], sa_mask[0]=11111111011111111101111111111110, sa_flags=SA_RESTART|SA_SIGINFO
SIGFPE: [libjvm.so+0x920ac0], sa_mask[0]=11111111011111111101111111111110, sa_flags=SA_RESTART|SA_SIGINFO
SIGPIPE: [libjvm.so+0x920ac0], sa_mask[0]=11111111011111111101111111111110, sa_flags=SA_RESTART|SA_SIGINFO
SIGXFSZ: [libjvm.so+0x920ac0], sa_mask[0]=11111111011111111101111111111110, sa_flags=SA_RESTART|SA_SIGINFO
SIGILL: [libjvm.so+0x920ac0], sa_mask[0]=11111111011111111101111111111110, sa_flags=SA_RESTART|SA_SIGINFO
SIGUSR1: SIG_DFL, sa_mask[0]=00000000000000000000000000000000, sa_flags=none
SIGUSR2: [libjvm.so+0x922300], sa_mask[0]=00000000000000000000000000000000, sa_flags=SA_RESTART|SA_SIGINFO
SIGHUP: [libjvm.so+0x923700], sa_mask[0]=11111111011111111101111111111110, sa_flags=SA_RESTART|SA_SIGINFO
SIGINT: [libjvm.so+0x923700], sa_mask[0]=11111111011111111101111111111110, sa_flags=SA_RESTART|SA_SIGINFO
SIGTERM: [libjvm.so+0x923700], sa_mask[0]=11111111011111111101111111111110, sa_flags=SA_RESTART|SA_SIGINFO
SIGQUIT: [libjvm.so+0x923700], sa_mask[0]=11111111011111111101111111111110, sa_flags=SA_RESTART|SA_SIGINFO


---------------  S Y S T E M  ---------------

OS:DISTRIB_ID=Ubuntu
DISTRIB_RELEASE=16.04
DISTRIB_CODENAME=xenial
DISTRIB_DESCRIPTION="Ubuntu 16.04.2 LTS"

uname:Linux 4.8.0-46-generic #49~16.04.1-Ubuntu SMP Fri Mar 31 14:51:03 UTC 2017 x86_64
libc:glibc 2.23 NPTL 2.23 
rlimit: STACK 8192k, CORE 0k, NPROC 14467, NOFILE 65536, AS infinity
load average:2.34 1.26 0.80

/proc/meminfo:
MemTotal:        3817532 kB
MemFree:          127396 kB
MemAvailable:      68424 kB
Buffers:            1056 kB
Cached:           277148 kB
SwapCached:            0 kB
Active:          3298040 kB
Inactive:         230444 kB
Active(anon):    3251744 kB
Inactive(anon):   182496 kB
Active(file):      46296 kB
Inactive(file):    47948 kB
Unevictable:          32 kB
Mlocked:              32 kB
SwapTotal:             0 kB
SwapFree:              0 kB
Dirty:                80 kB
Writeback:             0 kB
AnonPages:       3250408 kB
Mapped:           135904 kB
Shmem:            183864 kB
Slab:              64352 kB
SReclaimable:      31420 kB
SUnreclaim:        32932 kB
KernelStack:        7808 kB
PageTables:        34080 kB
NFS_Unstable:          0 kB
Bounce:                0 kB
WritebackTmp:          0 kB
CommitLimit:     1908764 kB
Committed_AS:    7424000 kB
VmallocTotal:   34359738367 kB
VmallocUsed:           0 kB
VmallocChunk:          0 kB
HardwareCorrupted:     0 kB
AnonHugePages:    776192 kB
ShmemHugePages:        0 kB
ShmemPmdMapped:        0 kB
CmaTotal:              0 kB
CmaFree:               0 kB
HugePages_Total:       0
HugePages_Free:        0
HugePages_Rsvd:        0
HugePages_Surp:        0
Hugepagesize:       2048 kB
DirectMap4k:      112256 kB
DirectMap2M:     2803712 kB
DirectMap1G:     2097152 kB


CPU:total 4 (2 cores per cpu, 2 threads per core) family 6 model 69 stepping 1, cmov, cx8, fxsr, mmx, sse, sse2, sse3, ssse3, sse4.1, sse4.2, popcnt, avx, avx2, aes, clmul, erms, lzcnt, ht, tsc, tscinvbit, bmi1, bmi2

/proc/cpuinfo:
processor	: 0
vendor_id	: GenuineIntel
cpu family	: 6
model		: 69
model name	: Intel(R) Core(TM) i5-4200U CPU @ 1.60GHz
stepping	: 1
microcode	: 0x1d
cpu MHz		: 1017.761
cache size	: 3072 KB
physical id	: 0
siblings	: 4
core id		: 0
cpu cores	: 2
apicid		: 0
initial apicid	: 0
fpu		: yes
fpu_exception	: yes
cpuid level	: 13
wp		: yes
flags		: fpu vme de pse tsc msr pae mce cx8 apic sep mtrr pge mca cmov pat pse36 clflush dts acpi mmx fxsr sse sse2 ss ht tm pbe syscall nx pdpe1gb rdtscp lm constant_tsc arch_perfmon pebs bts rep_good nopl xtopology nonstop_tsc aperfmperf eagerfpu pni pclmulqdq dtes64 monitor ds_cpl vmx est tm2 ssse3 sdbg fma cx16 xtpr pdcm pcid sse4_1 sse4_2 movbe popcnt tsc_deadline_timer aes xsave avx f16c rdrand lahf_lm abm epb tpr_shadow vnmi flexpriority ept vpid fsgsbase tsc_adjust bmi1 avx2 smep bmi2 erms invpcid xsaveopt dtherm ida arat pln pts
bugs		:
bogomips	: 4589.51
clflush size	: 64
cache_alignment	: 64
address sizes	: 39 bits physical, 48 bits virtual
power management:

processor	: 1
vendor_id	: GenuineIntel
cpu family	: 6
model		: 69
model name	: Intel(R) Core(TM) i5-4200U CPU @ 1.60GHz
stepping	: 1
microcode	: 0x1d
cpu MHz		: 2129.016
cache size	: 3072 KB
physical id	: 0
siblings	: 4
core id		: 0
cpu cores	: 2
apicid		: 1
initial apicid	: 1
fpu		: yes
fpu_exception	: yes
cpuid level	: 13
wp		: yes
flags		: fpu vme de pse tsc msr pae mce cx8 apic sep mtrr pge mca cmov pat pse36 clflush dts acpi mmx fxsr sse sse2 ss ht tm pbe syscall nx pdpe1gb rdtscp lm constant_tsc arch_perfmon pebs bts rep_good nopl xtopology nonstop_tsc aperfmperf eagerfpu pni pclmulqdq dtes64 monitor ds_cpl vmx est tm2 ssse3 sdbg fma cx16 xtpr pdcm pcid sse4_1 sse4_2 movbe popcnt tsc_deadline_timer aes xsave avx f16c rdrand lahf_lm abm epb tpr_shadow vnmi flexpriority ept vpid fsgsbase tsc_adjust bmi1 avx2 smep bmi2 erms invpcid xsaveopt dtherm ida arat pln pts
bugs		:
bogomips	: 4589.51
clflush size	: 64
cache_alignment	: 64
address sizes	: 39 bits physical, 48 bits virtual
power management:

processor	: 2
vendor_id	: GenuineIntel
cpu family	: 6
model		: 69
model name	: Intel(R) Core(TM) i5-4200U CPU @ 1.60GHz
stepping	: 1
microcode	: 0x1d
cpu MHz		: 1600.482
cache size	: 3072 KB
physical id	: 0
siblings	: 4
core id		: 1
cpu cores	: 2
apicid		: 2
initial apicid	: 2
fpu		: yes
fpu_exception	: yes
cpuid level	: 13
wp		: yes
flags		: fpu vme de pse tsc msr pae mce cx8 apic sep mtrr pge mca cmov pat pse36 clflush dts acpi mmx fxsr sse sse2 ss ht tm pbe syscall nx pdpe1gb rdtscp lm constant_tsc arch_perfmon pebs bts rep_good nopl xtopology nonstop_tsc aperfmperf eagerfpu pni pclmulqdq dtes64 monitor ds_cpl vmx est tm2 ssse3 sdbg fma cx16 xtpr pdcm pcid sse4_1 sse4_2 movbe popcnt tsc_deadline_timer aes xsave avx f16c rdrand lahf_lm abm epb tpr_shadow vnmi flexpriority ept vpid fsgsbase tsc_adjust bmi1 avx2 smep bmi2 erms invpcid xsaveopt dtherm ida arat pln pts
bugs		:
bogomips	: 4589.51
clflush size	: 64
cache_alignment	: 64
address sizes	: 39 bits physical, 48 bits virtual
power management:

processor	: 3
vendor_id	: GenuineIntel
cpu family	: 6
model		: 69
model name	: Intel(R) Core(TM) i5-4200U CPU @ 1.60GHz
stepping	: 1
microcode	: 0x1d
cpu MHz		: 1600.622
cache size	: 3072 KB
physical id	: 0
siblings	: 4
core id		: 1
cpu cores	: 2
apicid		: 3
initial apicid	: 3
fpu		: yes
fpu_exception	: yes
cpuid level	: 13
wp		: yes
flags		: fpu vme de pse tsc msr pae mce cx8 apic sep mtrr pge mca cmov pat pse36 clflush dts acpi mmx fxsr sse sse2 ss ht tm pbe syscall nx pdpe1gb rdtscp lm constant_tsc arch_perfmon pebs bts rep_good nopl xtopology nonstop_tsc aperfmperf eagerfpu pni pclmulqdq dtes64 monitor ds_cpl vmx est tm2 ssse3 sdbg fma cx16 xtpr pdcm pcid sse4_1 sse4_2 movbe popcnt tsc_deadline_timer aes xsave avx f16c rdrand lahf_lm abm epb tpr_shadow vnmi flexpriority ept vpid fsgsbase tsc_adjust bmi1 avx2 smep bmi2 erms invpcid xsaveopt dtherm ida arat pln pts
bugs		:
bogomips	: 4589.51
clflush size	: 64
cache_alignment	: 64
address sizes	: 39 bits physical, 48 bits virtual
power management:



Memory: 4k page, physical 3817532k(127396k free), swap 0k(0k free)

vm_info: Java HotSpot(TM) 64-Bit Server VM (25.121-b13) for linux-amd64 JRE (1.8.0_121-b13), built on Dec 12 2016 16:36:53 by "java_re" with gcc 4.3.0 20080428 (Red Hat 4.3.0-8)

time: Fri Apr 14 14:34:18 2017
elapsed time: 5 seconds (0d 0h 0m 5s)

